\BOOKMARK [1][-]{section.1}{Einleitung}{}% 1
\BOOKMARK [1][-]{appendix.A}{Textnachweise}{}% 2
\BOOKMARK [2][-]{Lm-Fragment-001-05.2}{Fragment 1 5\20512}{appendix.A}% 3
\BOOKMARK [2][-]{Lm-Fragment-001-101.2}{Fragment 1 101\205108}{appendix.A}% 4
\BOOKMARK [2][-]{Lm-Fragment-002-101.2}{Fragment 2 101\205106}{appendix.A}% 5
\BOOKMARK [2][-]{Lm-Fragment-007-107.2}{Fragment 7 107\205112}{appendix.A}% 6
\BOOKMARK [2][-]{Lm-Fragment-008-01.2}{Fragment 8 1\2053}{appendix.A}% 7
\BOOKMARK [2][-]{Lm-Fragment-017-08.2}{Fragment 17 8\20515, 109\205115}{appendix.A}% 8
\BOOKMARK [2][-]{Lm-Fragment-018-08.2}{Fragment 18 8\20512}{appendix.A}% 9
\BOOKMARK [2][-]{Lm-Fragment-020-05.2}{Fragment 20 5\20510}{appendix.A}% 10
\BOOKMARK [2][-]{Lm-Fragment-020-15.2}{Fragment 20 15\20520, 101\205104}{appendix.A}% 11
\BOOKMARK [2][-]{Lm-Fragment-021-01.2}{Fragment 21 1\20516}{appendix.A}% 12
\BOOKMARK [2][-]{Lm-Fragment-024-07.2}{Fragment 24 7\2059, 101\205102}{appendix.A}% 13
\BOOKMARK [2][-]{Lm-Fragment-025-12.2}{Fragment 25 12\20516}{appendix.A}% 14
\BOOKMARK [2][-]{Lm-Fragment-025-17.2}{Fragment 25 17\20524}{appendix.A}% 15
\BOOKMARK [2][-]{Lm-Fragment-026-04.2}{Fragment 26 4\20511}{appendix.A}% 16
\BOOKMARK [2][-]{Lm-Fragment-027-06.2}{Fragment 27 6\20513}{appendix.A}% 17
\BOOKMARK [2][-]{Lm-Fragment-028-04.2}{Fragment 28 4\20517}{appendix.A}% 18
\BOOKMARK [2][-]{Lm-Fragment-030-05.2}{Fragment 30 5\20516}{appendix.A}% 19
\BOOKMARK [2][-]{Lm-Fragment-030-18.2}{Fragment 30\20531 18\20520, 1\2052}{appendix.A}% 20
\BOOKMARK [2][-]{Lm-Fragment-031-04.2}{Fragment 31 4\2057, 108\205109}{appendix.A}% 21
\BOOKMARK [2][-]{Lm-Fragment-038-01.2}{Fragment 37\20538 1\2053}{appendix.A}% 22
\BOOKMARK [2][-]{Lm-Fragment-037-08.2}{Fragment 37 7\2059}{appendix.A}% 23
\BOOKMARK [2][-]{Lm-Fragment-038-08.2}{Fragment 37\20538 8\2059}{appendix.A}% 24
\BOOKMARK [2][-]{Lm-Fragment-038-112.2}{Fragment 38 112\205115}{appendix.A}% 25
\BOOKMARK [2][-]{Lm-Fragment-039-08.2}{Fragment 39 8\20514}{appendix.A}% 26
\BOOKMARK [2][-]{Lm-Fragment-040-02.2}{Fragment 40 2\20515}{appendix.A}% 27
\BOOKMARK [2][-]{Lm-Fragment-042-17.2}{Fragment 42 17\20520}{appendix.A}% 28
\BOOKMARK [2][-]{Lm-Fragment-043-01.2}{Fragment 43 1\2053, 101\205103}{appendix.A}% 29
\BOOKMARK [2][-]{Lm-Fragment-043-07.2}{Fragment 43 7\20514}{appendix.A}% 30
\BOOKMARK [2][-]{Lm-Fragment-044-01.2}{Fragment 44 1\2054, 5\20512, 101\205103, 130\205132}{appendix.A}% 31
\BOOKMARK [2][-]{Lm-Fragment-045-01.2}{Fragment 45 1\20516}{appendix.A}% 32
\BOOKMARK [2][-]{Lm-Fragment-046-09.2}{Fragment 46 9\20512}{appendix.A}% 33
\BOOKMARK [2][-]{Lm-Fragment-048-03.2}{Fragment 48 3\20516}{appendix.A}% 34
\BOOKMARK [2][-]{Lm-Fragment-049-115.2}{Fragment 49 115\205122}{appendix.A}% 35
\BOOKMARK [2][-]{Lm-Fragment-050-01.2}{Fragment 50 1\2054}{appendix.A}% 36
\BOOKMARK [2][-]{Lm-Fragment-050-101.2}{Fragment 50 101\205107}{appendix.A}% 37
\BOOKMARK [2][-]{Lm-Fragment-050-108.2}{Fragment 50 108\205112}{appendix.A}% 38
\BOOKMARK [2][-]{Lm-Fragment-050-113.2}{Fragment 50 113\205118}{appendix.A}% 39
\BOOKMARK [2][-]{Lm-Fragment-050-122.2}{Fragment 50 122\205127}{appendix.A}% 40
\BOOKMARK [2][-]{Lm-Fragment-051-08.2}{Fragment 51 8\20511, 12\20515}{appendix.A}% 41
\BOOKMARK [2][-]{Lm-Fragment-052-01.2}{Fragment 52 1\2052}{appendix.A}% 42
\BOOKMARK [2][-]{Lm-Fragment-053-16.2}{Fragment 53 18\20520, 116\205117}{appendix.A}% 43
\BOOKMARK [2][-]{Lm-Fragment-054-06.2}{Fragment 54 6\20514}{appendix.A}% 44
\BOOKMARK [2][-]{Lm-Fragment-054-16.2}{Fragment 54 16\20522, 112\205113}{appendix.A}% 45
\BOOKMARK [2][-]{Lm-Fragment-056-115.2}{Fragment 56 115\205118}{appendix.A}% 46
\BOOKMARK [2][-]{Lm-Fragment-057-103.2}{Fragment 57 103\205108}{appendix.A}% 47
\BOOKMARK [2][-]{Lm-Fragment-057-109.2}{Fragment 57 109\205114}{appendix.A}% 48
\BOOKMARK [2][-]{Lm-Fragment-058-01.2}{Fragment 58 1\2056, 8\20511}{appendix.A}% 49
\BOOKMARK [2][-]{Lm-Fragment-060-09.2}{Fragment 60 9\20513}{appendix.A}% 50
\BOOKMARK [2][-]{Lm-Fragment-061-20.2}{Fragment 61 20\20523}{appendix.A}% 51
\BOOKMARK [2][-]{Lm-Fragment-062-101.2}{Fragment 62 101\205109}{appendix.A}% 52
\BOOKMARK [2][-]{Lm-Fragment-064-03.2}{Fragment 64 3\20513, 101\205116}{appendix.A}% 53
\BOOKMARK [2][-]{Lm-Fragment-066-01.2}{Fragment 66 1\2056}{appendix.A}% 54
\BOOKMARK [2][-]{Lm-Fragment-071-06.2}{Fragment 71 7\20517, 113\205115}{appendix.A}% 55
\BOOKMARK [2][-]{Lm-Fragment-075-01.2}{Fragment 75 1\2052}{appendix.A}% 56
\BOOKMARK [2][-]{Lm-Fragment-075-11.2}{Fragment 75 11\20517}{appendix.A}% 57
\BOOKMARK [2][-]{Lm-Fragment-076-01.2}{Fragment 76 1\2059}{appendix.A}% 58
\BOOKMARK [2][-]{Lm-Fragment-077-09.2}{Fragment 77 9\20520}{appendix.A}% 59
\BOOKMARK [2][-]{Lm-Fragment-080-01.2}{Fragment 80 1\20517, 107\205111}{appendix.A}% 60
\BOOKMARK [2][-]{Lm-Fragment-080-21.2}{Fragment 80, 81 21\20522, 1\2052}{appendix.A}% 61
\BOOKMARK [2][-]{Lm-Fragment-081-01.2}{Fragment 81 1\2057}{appendix.A}% 62
\BOOKMARK [2][-]{Lm-Fragment-082-14.2}{Fragment 82 14\20519}{appendix.A}% 63
\BOOKMARK [2][-]{Lm-Fragment-085-05.2}{Fragment 85 5\20520}{appendix.A}% 64
\BOOKMARK [2][-]{Lm-Fragment-086-03.2}{Fragment 86 3\2059}{appendix.A}% 65
\BOOKMARK [2][-]{Lm-Fragment-091-03.2}{Fragment 91 3\20510}{appendix.A}% 66
\BOOKMARK [2][-]{Lm-Fragment-093-14.2}{Fragment 93 14\20527}{appendix.A}% 67
\BOOKMARK [2][-]{Lm-Fragment-094-01.2}{Fragment 94 1\2057}{appendix.A}% 68
\BOOKMARK [2][-]{Lm-Fragment-100-01.2}{Fragment 100 1\20516}{appendix.A}% 69
\BOOKMARK [2][-]{Lm-Fragment-114-03.2}{Fragment 114 3\20512}{appendix.A}% 70
\BOOKMARK [2][-]{Lm-Fragment-117-11.2}{Fragment 117 11\20513}{appendix.A}% 71
\BOOKMARK [2][-]{Lm-Fragment-118-05.2}{Fragment 118 5\20533}{appendix.A}% 72
\BOOKMARK [2][-]{Lm-Fragment-119-01.2}{Fragment 119 1\2052, 101\205104}{appendix.A}% 73
\BOOKMARK [2][-]{Lm-Fragment-126-01.2}{Fragment 126 1\2055, 101\205106}{appendix.A}% 74
\BOOKMARK [2][-]{Lm-Fragment-131-04.2}{Fragment 131 4\2057, 8\20514}{appendix.A}% 75
\BOOKMARK [2][-]{Lm-Fragment-133-01.2}{Fragment 133 1\20512}{appendix.A}% 76
\BOOKMARK [2][-]{Lm-Fragment-138-12.2}{Fragment 138 12\20518}{appendix.A}% 77
\BOOKMARK [2][-]{Lm-Fragment-139-01.2}{Fragment 139 1\2053}{appendix.A}% 78
\BOOKMARK [2][-]{Lm-Fragment-139-04.2}{Fragment 139 4\20512}{appendix.A}% 79
\BOOKMARK [2][-]{Lm-Fragment-143-10.2}{Fragment 143 10\20513}{appendix.A}% 80
\BOOKMARK [2][-]{Lm-Fragment-144-11.2}{Fragment 144 11\20520}{appendix.A}% 81
\BOOKMARK [2][-]{Lm-Fragment-145-23.2}{Fragment 145 23\20524}{appendix.A}% 82
\BOOKMARK [2][-]{Lm-Fragment-146-01.2}{Fragment 146 1\2059, 12\20523}{appendix.A}% 83
\BOOKMARK [2][-]{Lm-Fragment-160-12.2}{Fragment 160 12\20517}{appendix.A}% 84
\BOOKMARK [2][-]{Lm-Fragment-164-17.2}{Fragment 164 17\20523, 110\205112}{appendix.A}% 85
\BOOKMARK [2][-]{Lm-Fragment-169-08.2}{Fragment 169 8\20522}{appendix.A}% 86
\BOOKMARK [2][-]{Lm-Fragment-170-01.2}{Fragment 170 1\2053}{appendix.A}% 87
\BOOKMARK [2][-]{Lm-Fragment-170-11.2}{Fragment 170 22\20530, 107\205108}{appendix.A}% 88
\BOOKMARK [2][-]{Lm-Fragment-181-129.2}{Fragment 181 129\205134}{appendix.A}% 89
\BOOKMARK [2][-]{Lm-Fragment-182-109.2}{Fragment 182 109\205112}{appendix.A}% 90
\BOOKMARK [2][-]{Lm-Fragment-184-13.2}{Fragment 184 13\20518}{appendix.A}% 91
\BOOKMARK [2][-]{Lm-Fragment-184-28.2}{Fragment 184 28\20530}{appendix.A}% 92
\BOOKMARK [2][-]{Lm-Fragment-185-02.2}{Fragment 185 2\2056}{appendix.A}% 93
\BOOKMARK [2][-]{Lm-Fragment-186-01.2}{Fragment 186 1\2057}{appendix.A}% 94
\BOOKMARK [2][-]{Lm-Fragment-187-03.2}{Fragment 187 3\20513}{appendix.A}% 95
\BOOKMARK [2][-]{Lm-Fragment-188-05.2}{Fragment 188 5\20512}{appendix.A}% 96
\BOOKMARK [2][-]{Lm-Fragment-193-02.2}{Fragment 193 2\2055}{appendix.A}% 97
\BOOKMARK [2][-]{Lm-Fragment-195-10.2}{Fragment 195 10\20521}{appendix.A}% 98
\BOOKMARK [2][-]{Lm-Fragment-202-11.2}{Fragment 202 11\20515, 113\205115}{appendix.A}% 99
\BOOKMARK [2][-]{Lm-Fragment-203-09.2}{Fragment 203 9\20513}{appendix.A}% 100
\BOOKMARK [2][-]{Lm-Fragment-204-01.2}{Fragment 204 1\20513}{appendix.A}% 101
\BOOKMARK [2][-]{Lm-Fragment-204-22.2}{Fragment 204 22\20525}{appendix.A}% 102
\BOOKMARK [2][-]{Lm-Fragment-206-03.2}{Fragment 206 3\20519}{appendix.A}% 103
\BOOKMARK [2][-]{Lm-Fragment-207-01.2}{Fragment 207 1\20513}{appendix.A}% 104
\BOOKMARK [2][-]{Lm-Fragment-208-14.2}{Fragment 208 14\20522}{appendix.A}% 105
\BOOKMARK [2][-]{Lm-Fragment-210-01.2}{Fragment 210 1\2052, 6\20512}{appendix.A}% 106
\BOOKMARK [2][-]{Lm-Fragment-217-05.2}{Fragment 217 5\20511}{appendix.A}% 107
\BOOKMARK [2][-]{Lm-Fragment-232-04.2}{Fragment 232 4\2056}{appendix.A}% 108
\BOOKMARK [2][-]{Lm-Fragment-247-06.2}{Fragment 247 6\20510}{appendix.A}% 109
\BOOKMARK [1][-]{appendix.B}{Quellenverzeichnis}{}% 110
